<?xml version="1.0" encoding="utf-8"?><testsuites name="pytest tests"><testsuite name="pytest" errors="0" failures="0" skipped="0" tests="61" time="5.261" timestamp="2026-08-17T15:47:10.432713+00:00" hostname="agent-env-f47ad983-797f-4325-8fc6-710ecf82c0b9"><testcase classname="tests.backend_test.TestProjectsCRUD" name="test_create" time="0.111" /><testcase classname="tests.backend_test.TestSubmissions" name="test_post_json_success" time="0.430" /><testcase classname="tests.backend_test.TestProjectsCRUD" name="test_list" time="0.079" /><testcase classname="tests.backend_test.TestProjectsCRUD" name="test_get" time="0.048" /><testcase classname="tests.backend_test.TestProjectsCRUD" name="test_put" time="0.083" /><testcase classname="tests.backend_test.TestProjectsCRUD" name="test_get_unknown_404" time="0.077" /><testcase classname="tests.backend_test.TestProjectsCRUD" name="test_delete_and_verify" time="0.243" /><testcase classname="tests.backend_test.TestSubmissions" name="test_post_form_urlencoded_with_accept_json" time="0.082" /><testcase classname="tests.backend_test.TestSubmissions" name="test_post_form_urlencoded_no_accept_returns_html" time="0.098" /><testcase classname="tests.backend_test.TestSubmissions" name="test_post_empty_returns_400" time="0.075" /><testcase classname="tests.backend_test.TestPublishPresets" name="test_list_returns_array" time="0.045" /><testcase classname="tests.backend_test.TestSubmissions" name="test_list_newest_first_and_filter" time="0.168" /><testcase classname="tests.backend_test.TestPublishPresets" name="test_create_with_password_and_fetch_secret" time="0.176" /><testcase classname="tests.backend_test.TestSubmissions" name="test_delete_one_and_verify" time="0.293" /><testcase classname="tests.backend_test.TestPublishPresets" name="test_create_without_password_returns_empty_secret" time="0.116" /><testcase classname="tests.backend_test.TestPublishPresets" name="test_create_missing_required_400" time="0.191" /><testcase classname="tests.backend_test.TestSubmissions" name="test_delete_unknown_404" time="0.117" /><testcase classname="tests.backend_test.TestPublishPresets" name="test_delete_preset_and_verify_removal" time="0.201" /><testcase classname="tests.backend_test.TestSubmissions" name="test_clear_by_form_name" time="0.374" /><testcase classname="tests.backend_test.TestPublishPresets" name="test_delete_unknown_404" time="0.181" /><testcase classname="tests.backend_test.TestCheckoutSession" name="test_checkout_session_success" time="0.920" /><testcase classname="tests.backend_test.TestCommerce" name="test_commerce_config" time="0.079" /><testcase classname="tests.backend_test.TestCommerce" name="test_payment_link_success" time="0.821" /><testcase classname="tests.backend_test.TestCheckoutSession" name="test_checkout_session_empty_cart_400" time="0.040" /><testcase classname="tests.backend_test.TestCheckoutSession" name="test_checkout_session_item_no_name_400" time="0.076" /><testcase classname="tests.backend_test.TestCommerce" name="test_payment_link_empty_name_400" time="0.036" /><testcase classname="tests.backend_test.TestCommerce" name="test_payment_link_zero_amount_400" time="0.078" /><testcase classname="tests.backend_test.TestCheckoutSession" name="test_checkout_session_item_zero_amount_400" time="0.037" /><testcase classname="tests.backend_test.TestCheckoutSession" name="test_checkout_session_item_negative_amount_400" time="0.076" /><testcase classname="tests.backend_test.TestCommerce" name="test_payment_link_negative_amount_400" time="0.034" /><testcase classname="tests.backend_test.TestCommerce" name="test_payment_link_over_max_amount_400" time="0.075" /><testcase classname="tests.backend_test.TestComponentsCRUD" name="test_list_initial" time="0.040" /><testcase classname="tests.backend_test.TestComponentsCRUD" name="test_create_component" time="0.085" /><testcase classname="tests.backend_test.TestPublish" name="test_publish_missing_host" time="0.155" /><testcase classname="tests.backend_test.TestComponentsCRUD" name="test_delete_component" time="0.172" /><testcase classname="tests.backend_test.TestPublish" name="test_publish_missing_username" time="0.034" /><testcase classname="tests.backend_test.TestPublish" name="test_publish_unknown_protocol" time="0.037" /><testcase classname="tests.backend_test.TestPublish" name="test_publish_unknown_project_404" time="0.074" /><testcase classname="tests.backend_test.TestComponentsCRUD" name="test_delete_unknown_404" time="0.131" /><testcase classname="tests.backend_test.TestTemplatesCRUD" name="test_create_template" time="0.038" /><testcase classname="tests.backend_test.TestTemplatesCRUD" name="test_list_templates" time="0.046" /><testcase classname="tests.backend_test.TestSnippetsCRUD" name="test_create_snippet" time="0.040" /><testcase classname="tests.backend_test.TestTemplatesCRUD" name="test_delete_template" time="0.084" /><testcase classname="tests.backend_test.TestSnippetsCRUD" name="test_list_reverse_created" time="0.122" /><testcase classname="tests.backend_test.TestTemplatesCRUD" name="test_delete_unknown_404" time="0.081" /><testcase classname="tests.backend_test.TestSnippetsCRUD" name="test_delete_snippet" time="0.083" /><testcase classname="tests.backend_test.TestPagesAndTemplate" name="test_pages_active_template_roundtrip" time="0.113" /><testcase classname="tests.backend_test.TestSnippetsCRUD" name="test_delete_unknown_404" time="0.154" /><testcase classname="tests.backend_test.TestPagesAndTemplate" name="test_preview_seo_meta_and_template_wrapper" time="0.114" /><testcase classname="tests.backend_test.TestStarterTemplates" name="test_all_28_starters_present_and_first" time="0.053" /><testcase classname="tests.backend_test.TestPagesAndTemplate" name="test_preview_wrapper_disabled_when_use_template_false" time="0.077" /><testcase classname="tests.backend_test.TestStarterTemplates" name="test_delete_starter_returns_403" time="0.099" /><testcase classname="tests.backend_test.TestImportUrl" name="test_import_url_success" time="0.157" /><testcase classname="tests.backend_test.TestStarterTemplates" name="test_user_template_still_deletable" time="0.164" /><testcase classname="tests.backend_test.TestImportUrl" name="test_import_url_invalid_400" time="0.036" /><testcase classname="tests.backend_test.TestImportUrl" name="test_import_url_empty_400" time="0.041" /><testcase classname="tests.backend_test.TestPreview" name="test_preview_returns_html" time="0.116" /><testcase classname="tests.backend_test.TestAnalytics" name="test_unknown_project_404" time="0.046" /><testcase classname="tests.backend_test.TestAnalytics" name="test_analytics_shape_and_preview_increments" time="0.791" /><testcase classname="tests.backend_test.TestPreview" name="test_preview_unknown_404" time="0.038" /><testcase classname="tests.backend_test.TestPublishUnreachable" name="test_publish_unreachable_host_502" time="0.164" /></testsuite></testsuites>