<?xml version="1.0" encoding="utf-8"?><testsuites name="pytest tests"><testsuite name="pytest" errors="0" failures="0" skipped="0" tests="30" time="2.537" timestamp="2026-08-17T03:22:46.955945+00:00" hostname="agent-env-f47ad983-797f-4325-8fc6-710ecf82c0b9"><testcase classname="tests.backend_test.TestComponentsCRUD" name="test_list_initial" time="0.381" /><testcase classname="tests.backend_test.TestProjectsCRUD" name="test_create" time="0.261" /><testcase classname="tests.backend_test.TestProjectsCRUD" name="test_list" time="0.034" /><testcase classname="tests.backend_test.TestProjectsCRUD" name="test_get" time="0.036" /><testcase classname="tests.backend_test.TestProjectsCRUD" name="test_put" time="0.151" /><testcase classname="tests.backend_test.TestComponentsCRUD" name="test_create_component" time="0.056" /><testcase classname="tests.backend_test.TestComponentsCRUD" name="test_delete_component" time="0.089" /><testcase classname="tests.backend_test.TestProjectsCRUD" name="test_get_unknown_404" time="0.074" /><testcase classname="tests.backend_test.TestComponentsCRUD" name="test_delete_unknown_404" time="0.154" /><testcase classname="tests.backend_test.TestProjectsCRUD" name="test_delete_and_verify" time="0.197" /><testcase classname="tests.backend_test.TestPublish" name="test_publish_missing_host" time="0.060" /><testcase classname="tests.backend_test.TestPublish" name="test_publish_missing_username" time="0.068" /><testcase classname="tests.backend_test.TestSnippetsCRUD" name="test_create_snippet" time="0.043" /><testcase classname="tests.backend_test.TestSnippetsCRUD" name="test_list_reverse_created" time="0.107" /><testcase classname="tests.backend_test.TestPublish" name="test_publish_unknown_protocol" time="0.070" /><testcase classname="tests.backend_test.TestPublish" name="test_publish_unknown_project_404" time="0.069" /><testcase classname="tests.backend_test.TestSnippetsCRUD" name="test_delete_snippet" time="0.107" /><testcase classname="tests.backend_test.TestTemplatesCRUD" name="test_create_template" time="0.096" /><testcase classname="tests.backend_test.TestSnippetsCRUD" name="test_delete_unknown_404" time="0.120" /><testcase classname="tests.backend_test.TestTemplatesCRUD" name="test_list_templates" time="0.028" /><testcase classname="tests.backend_test.TestTemplatesCRUD" name="test_delete_template" time="0.054" /><testcase classname="tests.backend_test.TestTemplatesCRUD" name="test_delete_unknown_404" time="0.027" /><testcase classname="tests.backend_test.TestPagesAndTemplate" name="test_pages_active_template_roundtrip" time="0.145" /><testcase classname="tests.backend_test.TestPreview" name="test_preview_returns_html" time="0.106" /><testcase classname="tests.backend_test.TestPreview" name="test_preview_unknown_404" time="0.069" /><testcase classname="tests.backend_test.TestPagesAndTemplate" name="test_preview_seo_meta_and_template_wrapper" time="0.079" /><testcase classname="tests.backend_test.TestAnalytics" name="test_unknown_project_404" time="0.068" /><testcase classname="tests.backend_test.TestPagesAndTemplate" name="test_preview_wrapper_disabled_when_use_template_false" time="0.104" /><testcase classname="tests.backend_test.TestAnalytics" name="test_analytics_shape_and_preview_increments" time="0.510" /><testcase classname="tests.backend_test.TestPublishUnreachable" name="test_publish_unreachable_host_502" time="0.383" /></testsuite></testsuites>